0 info it worked if it ends with ok
1 verbose cli [ '/usr/bin/nodejs',
1 verbose cli   '/usr/bin/npm',
1 verbose cli   'install',
1 verbose cli   '–g',
1 verbose cli   'yo',
1 verbose cli   'grunt-cli',
1 verbose cli   'generator-aspnet',
1 verbose cli   'bower' ]
2 info using npm@3.5.2
3 info using node@v4.2.6
4 silly loadCurrentTree Starting
5 silly install loadCurrentTree
6 silly install readLocalPackageData
7 silly fetchPackageMetaData –g
8 silly fetchPackageMetaData yo
9 silly fetchPackageMetaData grunt-cli
10 silly fetchPackageMetaData generator-aspnet
11 silly fetchPackageMetaData bower
12 silly fetchOtherPackageData –g
13 silly cache add args [ '–g', null ]
14 verbose cache add spec –g
15 silly fetchNamedPackageData yo
16 silly mapToRegistry name yo
17 silly mapToRegistry using default registry
18 silly mapToRegistry registry https://registry.npmjs.org/
19 silly mapToRegistry uri https://registry.npmjs.org/yo
20 silly fetchNamedPackageData grunt-cli
21 silly mapToRegistry name grunt-cli
22 silly mapToRegistry using default registry
23 silly mapToRegistry registry https://registry.npmjs.org/
24 silly mapToRegistry uri https://registry.npmjs.org/grunt-cli
25 silly fetchNamedPackageData generator-aspnet
26 silly mapToRegistry name generator-aspnet
27 silly mapToRegistry using default registry
28 silly mapToRegistry registry https://registry.npmjs.org/
29 silly mapToRegistry uri https://registry.npmjs.org/generator-aspnet
30 silly fetchNamedPackageData bower
31 silly mapToRegistry name bower
32 silly mapToRegistry using default registry
33 silly mapToRegistry registry https://registry.npmjs.org/
34 silly mapToRegistry uri https://registry.npmjs.org/bower
35 silly cache add parsed spec Result {
35 silly cache add   raw: '–g',
35 silly cache add   scope: null,
35 silly cache add   name: null,
35 silly cache add   rawSpec: '–g',
35 silly cache add   spec: '/home/odin/Blog/leandro070.github.io/–g',
35 silly cache add   type: 'local' }
36 verbose request uri https://registry.npmjs.org/yo
37 verbose request no auth needed
38 info attempt registry request try #1 at 13:21:27
39 verbose request id 224ad7aa6e67f024
40 http request GET https://registry.npmjs.org/yo
41 verbose request uri https://registry.npmjs.org/grunt-cli
42 verbose request no auth needed
43 info attempt registry request try #1 at 13:21:27
44 http request GET https://registry.npmjs.org/grunt-cli
45 verbose request uri https://registry.npmjs.org/generator-aspnet
46 verbose request no auth needed
47 info attempt registry request try #1 at 13:21:27
48 http request GET https://registry.npmjs.org/generator-aspnet
49 verbose request uri https://registry.npmjs.org/bower
50 verbose request no auth needed
51 info attempt registry request try #1 at 13:21:27
52 http request GET https://registry.npmjs.org/bower
53 error addLocal Could not install /home/odin/Blog/leandro070.github.io/–g
54 silly fetchPackageMetaData Error: ENOENT: no such file or directory, open '/home/odin/Blog/leandro070.github.io/–g'
54 silly fetchPackageMetaData     at Error (native)
54 silly fetchPackageMetaData  error for –g { [Error: ENOENT: no such file or directory, open '/home/odin/Blog/leandro070.github.io/–g']
54 silly fetchPackageMetaData   errno: -2,
54 silly fetchPackageMetaData   code: 'ENOENT',
54 silly fetchPackageMetaData   syscall: 'open',
54 silly fetchPackageMetaData   path: '/home/odin/Blog/leandro070.github.io/–g' }
55 http 400 https://registry.npmjs.org/grunt-cli
56 verbose headers {}
57 silly get cb [ 400, {} ]
58 silly fetchPackageMetaData Error: 400 Bad Request
58 silly fetchPackageMetaData     at makeError (/usr/share/npm/node_modules/npm-registry-client/lib/request.js:264:12)
58 silly fetchPackageMetaData     at CachingRegistryClient.<anonymous> (/usr/share/npm/node_modules/npm-registry-client/lib/request.js:215:9)
58 silly fetchPackageMetaData     at Request._callback (/usr/share/npm/node_modules/npm-registry-client/lib/request.js:172:14)
58 silly fetchPackageMetaData     at Request.self.callback (/usr/share/npm/node_modules/request/request.js:198:22)
58 silly fetchPackageMetaData     at emitTwo (events.js:87:13)
58 silly fetchPackageMetaData     at Request.emit (events.js:172:7)
58 silly fetchPackageMetaData     at Request.<anonymous> (/usr/share/npm/node_modules/request/request.js:1082:10)
58 silly fetchPackageMetaData     at emitOne (events.js:82:20)
58 silly fetchPackageMetaData     at Request.emit (events.js:169:7)
58 silly fetchPackageMetaData     at IncomingMessage.<anonymous> (/usr/share/npm/node_modules/request/request.js:1009:12)
58 silly fetchPackageMetaData  error for grunt-cli { [Error: 400 Bad Request] statusCode: 400, code: 'E400' }
59 http 400 https://registry.npmjs.org/generator-aspnet
60 verbose headers {}
61 silly get cb [ 400, {} ]
62 silly fetchPackageMetaData Error: 400 Bad Request
62 silly fetchPackageMetaData     at makeError (/usr/share/npm/node_modules/npm-registry-client/lib/request.js:264:12)
62 silly fetchPackageMetaData     at CachingRegistryClient.<anonymous> (/usr/share/npm/node_modules/npm-registry-client/lib/request.js:215:9)
62 silly fetchPackageMetaData     at Request._callback (/usr/share/npm/node_modules/npm-registry-client/lib/request.js:172:14)
62 silly fetchPackageMetaData     at Request.self.callback (/usr/share/npm/node_modules/request/request.js:198:22)
62 silly fetchPackageMetaData     at emitTwo (events.js:87:13)
62 silly fetchPackageMetaData     at Request.emit (events.js:172:7)
62 silly fetchPackageMetaData     at Request.<anonymous> (/usr/share/npm/node_modules/request/request.js:1082:10)
62 silly fetchPackageMetaData     at emitOne (events.js:82:20)
62 silly fetchPackageMetaData     at Request.emit (events.js:169:7)
62 silly fetchPackageMetaData     at IncomingMessage.<anonymous> (/usr/share/npm/node_modules/request/request.js:1009:12)
62 silly fetchPackageMetaData  error for generator-aspnet { [Error: 400 Bad Request] statusCode: 400, code: 'E400' }
63 http 400 https://registry.npmjs.org/yo
64 verbose headers {}
65 silly get cb [ 400, {} ]
66 silly fetchPackageMetaData Error: 400 Bad Request
66 silly fetchPackageMetaData     at makeError (/usr/share/npm/node_modules/npm-registry-client/lib/request.js:264:12)
66 silly fetchPackageMetaData     at CachingRegistryClient.<anonymous> (/usr/share/npm/node_modules/npm-registry-client/lib/request.js:215:9)
66 silly fetchPackageMetaData     at Request._callback (/usr/share/npm/node_modules/npm-registry-client/lib/request.js:172:14)
66 silly fetchPackageMetaData     at Request.self.callback (/usr/share/npm/node_modules/request/request.js:198:22)
66 silly fetchPackageMetaData     at emitTwo (events.js:87:13)
66 silly fetchPackageMetaData     at Request.emit (events.js:172:7)
66 silly fetchPackageMetaData     at Request.<anonymous> (/usr/share/npm/node_modules/request/request.js:1082:10)
66 silly fetchPackageMetaData     at emitOne (events.js:82:20)
66 silly fetchPackageMetaData     at Request.emit (events.js:169:7)
66 silly fetchPackageMetaData     at IncomingMessage.<anonymous> (/usr/share/npm/node_modules/request/request.js:1009:12)
66 silly fetchPackageMetaData  error for yo { [Error: 400 Bad Request] statusCode: 400, code: 'E400' }
67 http 400 https://registry.npmjs.org/bower
68 verbose headers {}
69 silly get cb [ 400, {} ]
70 silly fetchPackageMetaData Error: 400 Bad Request
70 silly fetchPackageMetaData     at makeError (/usr/share/npm/node_modules/npm-registry-client/lib/request.js:264:12)
70 silly fetchPackageMetaData     at CachingRegistryClient.<anonymous> (/usr/share/npm/node_modules/npm-registry-client/lib/request.js:215:9)
70 silly fetchPackageMetaData     at Request._callback (/usr/share/npm/node_modules/npm-registry-client/lib/request.js:172:14)
70 silly fetchPackageMetaData     at Request.self.callback (/usr/share/npm/node_modules/request/request.js:198:22)
70 silly fetchPackageMetaData     at emitTwo (events.js:87:13)
70 silly fetchPackageMetaData     at Request.emit (events.js:172:7)
70 silly fetchPackageMetaData     at Request.<anonymous> (/usr/share/npm/node_modules/request/request.js:1082:10)
70 silly fetchPackageMetaData     at emitOne (events.js:82:20)
70 silly fetchPackageMetaData     at Request.emit (events.js:169:7)
70 silly fetchPackageMetaData     at IncomingMessage.<anonymous> (/usr/share/npm/node_modules/request/request.js:1009:12)
70 silly fetchPackageMetaData  error for bower { [Error: 400 Bad Request] statusCode: 400, code: 'E400' }
71 silly rollbackFailedOptional Starting
72 silly rollbackFailedOptional Finishing
73 silly runTopLevelLifecycles Starting
74 silly runTopLevelLifecycles Finishing
75 silly install printInstalled
76 verbose stack Error: ENOENT: no such file or directory, open '/home/odin/Blog/leandro070.github.io/–g'
76 verbose stack     at Error (native)
77 verbose cwd /home/odin/Blog/leandro070.github.io
78 error Linux 4.13.0-36-generic
79 error argv "/usr/bin/nodejs" "/usr/bin/npm" "install" "–g" "yo" "grunt-cli" "generator-aspnet" "bower"
80 error node v4.2.6
81 error npm  v3.5.2
82 error path /home/odin/Blog/leandro070.github.io/–g
83 error code ENOENT
84 error errno -2
85 error syscall open
86 error enoent ENOENT: no such file or directory, open '/home/odin/Blog/leandro070.github.io/–g'
87 error enoent ENOENT: no such file or directory, open '/home/odin/Blog/leandro070.github.io/–g'
87 error enoent This is most likely not a problem with npm itself
87 error enoent and is related to npm not being able to find a file.
88 verbose exit [ -2, true ]
